# JRE version: Java(TM) SE Runtime Environment (8.0_202-b08) (build 1.8.0_202-b08)
# Java VM: Java HotSpot(TM) 64-Bit Server VM (25.202-b08 mixed mode windows-amd64 compressed oops)
Heap:
 PSYoungGen      total 187392K, used 32211K [0x000000076be00000, 0x000000077a680000, 0x00000007c0000000)
  eden space 160256K, 20% used [0x000000076be00000,0x000000076dd74d38,0x0000000775a80000)
  from space 27136K, 0% used [0x0000000777180000,0x0000000777180000,0x0000000778c00000)
  to   space 22528K, 0% used [0x0000000779080000,0x0000000779080000,0x000000077a680000)
 ParOldGen       total 113152K, used 52939K [0x00000006c3a00000, 0x00000006ca880000, 0x000000076be00000)
  object space 113152K, 46% used [0x00000006c3a00000,0x00000006c6db2fe8,0x00000006ca880000)
 Metaspace       used 60508K, capacity 61703K, committed 62080K, reserved 1103872K
  class space    used 7482K, capacity 7797K, committed 7808K, reserved 1048576K
GC Heap History (10 events):
Event: 4.255 GC heap before
{Heap before GC invocations=6 (full 1):
 PSYoungGen      total 140800K, used 121953K [0x000000076be00000, 0x0000000775200000, 0x00000007c0000000)
  eden space 130048K, 93% used [0x000000076be00000,0x00000007735187c0,0x0000000773d00000)
  from space 10752K, 0% used [0x0000000774780000,0x0000000774780000,0x0000000775200000)
  to   space 10752K, 0% used [0x0000000773d00000,0x0000000773d00000,0x0000000774780000)
 ParOldGen       total 113152K, used 12007K [0x00000006c3a00000, 0x00000006ca880000, 0x000000076be00000)
  object space 113152K, 10% used [0x00000006c3a00000,0x00000006c45b9dc8,0x00000006ca880000)
 Metaspace       used 34448K, capacity 35236K, committed 35416K, reserved 1081344K
  class space    used 4057K, capacity 4327K, committed 4352K, reserved 1048576K
Event: 4.274 GC heap after
Heap after GC invocations=6 (full 1):
 PSYoungGen      total 140800K, used 10731K [0x000000076be00000, 0x000000077a680000, 0x00000007c0000000)
  eden space 130048K, 0% used [0x000000076be00000,0x000000076be00000,0x0000000773d00000)
  from space 10752K, 99% used [0x0000000773d00000,0x000000077477ac60,0x0000000774780000)
  to   space 22528K, 0% used [0x0000000779080000,0x0000000779080000,0x000000077a680000)
 ParOldGen       total 113152K, used 26472K [0x00000006c3a00000, 0x00000006ca880000, 0x000000076be00000)
  object space 113152K, 23% used [0x00000006c3a00000,0x00000006c53da110,0x00000006ca880000)
 Metaspace       used 34448K, capacity 35236K, committed 35416K, reserved 1081344K
  class space    used 4057K, capacity 4327K, committed 4352K, reserved 1048576K
}
Event: 4.274 GC heap before
{Heap before GC invocations=7 (full 2):
 PSYoungGen      total 140800K, used 10731K [0x000000076be00000, 0x000000077a680000, 0x00000007c0000000)
  eden space 130048K, 0% used [0x000000076be00000,0x000000076be00000,0x0000000773d00000)
  from space 10752K, 99% used [0x0000000773d00000,0x000000077477ac60,0x0000000774780000)
  to   space 22528K, 0% used [0x0000000779080000,0x0000000779080000,0x000000077a680000)
 ParOldGen       total 113152K, used 26472K [0x00000006c3a00000, 0x00000006ca880000, 0x000000076be00000)
  object space 113152K, 23% used [0x00000006c3a00000,0x00000006c53da110,0x00000006ca880000)
 Metaspace       used 34448K, capacity 35236K, committed 35416K, reserved 1081344K
  class space    used 4057K, capacity 4327K, committed 4352K, reserved 1048576K
Event: 4.370 GC heap after
Heap after GC invocations=7 (full 2):
 PSYoungGen      total 140800K, used 0K [0x000000076be00000, 0x000000077a680000, 0x00000007c0000000)
  eden space 130048K, 0% used [0x000000076be00000,0x000000076be00000,0x0000000773d00000)
  from space 10752K, 0% used [0x0000000773d00000,0x0000000773d00000,0x0000000774780000)
  to   space 22528K, 0% used [0x0000000779080000,0x0000000779080000,0x000000077a680000)
 ParOldGen       total 113152K, used 34649K [0x00000006c3a00000, 0x00000006ca880000, 0x000000076be00000)
  object space 113152K, 30% used [0x00000006c3a00000,0x00000006c5bd66b0,0x00000006ca880000)
 Metaspace       used 34448K, capacity 35236K, committed 35416K, reserved 1081344K
  class space    used 4057K, capacity 4327K, committed 4352K, reserved 1048576K
}
Event: 5.583 GC heap before
{Heap before GC invocations=8 (full 2):
 PSYoungGen      total 140800K, used 130048K [0x000000076be00000, 0x000000077a680000, 0x00000007c0000000)
  eden space 130048K, 100% used [0x000000076be00000,0x0000000773d00000,0x0000000773d00000)
  from space 10752K, 0% used [0x0000000773d00000,0x0000000773d00000,0x0000000774780000)
  to   space 22528K, 0% used [0x0000000779080000,0x0000000779080000,0x000000077a680000)
 ParOldGen       total 113152K, used 34649K [0x00000006c3a00000, 0x00000006ca880000, 0x000000076be00000)
  object space 113152K, 30% used [0x00000006c3a00000,0x00000006c5bd66b0,0x00000006ca880000)
 Metaspace       used 47352K, capacity 48317K, committed 48640K, reserved 1091584K
  class space    used 6080K, capacity 6354K, committed 6400K, reserved 1048576K
Event: 5.603 GC heap after
Heap after GC invocations=8 (full 2):
 PSYoungGen      total 182784K, used 22513K [0x000000076be00000, 0x000000077a680000, 0x00000007c0000000)
  eden space 160256K, 0% used [0x000000076be00000,0x000000076be00000,0x0000000775a80000)
  from space 22528K, 99% used [0x0000000779080000,0x000000077a67c4a0,0x000000077a680000)
  to   space 27136K, 0% used [0x0000000777180000,0x0000000777180000,0x0000000778c00000)
 ParOldGen       total 113152K, used 35755K [0x00000006c3a00000, 0x00000006ca880000, 0x000000076be00000)
  object space 113152K, 31% used [0x00000006c3a00000,0x00000006c5ceae70,0x00000006ca880000)
 Metaspace       used 47352K, capacity 48317K, committed 48640K, reserved 1091584K
  class space    used 6080K, capacity 6354K, committed 6400K, reserved 1048576K
}
Event: 6.877 GC heap before
{Heap before GC invocations=9 (full 2):
 PSYoungGen      total 182784K, used 154574K [0x000000076be00000, 0x000000077a680000, 0x00000007c0000000)
  eden space 160256K, 82% used [0x000000076be00000,0x0000000773ef7538,0x0000000775a80000)
  from space 22528K, 99% used [0x0000000779080000,0x000000077a67c4a0,0x000000077a680000)
  to   space 27136K, 0% used [0x0000000777180000,0x0000000777180000,0x0000000778c00000)
 ParOldGen       total 113152K, used 35755K [0x00000006c3a00000, 0x00000006ca880000, 0x000000076be00000)
  object space 113152K, 31% used [0x00000006c3a00000,0x00000006c5ceae70,0x00000006ca880000)
 Metaspace       used 57563K, capacity 58717K, committed 59008K, reserved 1101824K
  class space    used 7122K, capacity 7454K, committed 7552K, reserved 1048576K
Event: 6.895 GC heap after
Heap after GC invocations=9 (full 2):
 PSYoungGen      total 187392K, used 27133K [0x000000076be00000, 0x000000077a680000, 0x00000007c0000000)
  eden space 160256K, 0% used [0x000000076be00000,0x000000076be00000,0x0000000775a80000)
  from space 27136K, 99% used [0x0000000777180000,0x0000000778bff488,0x0000000778c00000)
  to   space 22528K, 0% used [0x0000000779080000,0x0000000779080000,0x000000077a680000)
 ParOldGen       total 113152K, used 39383K [0x00000006c3a00000, 0x00000006ca880000, 0x000000076be00000)
  object space 113152K, 34% used [0x00000006c3a00000,0x00000006c6075f78,0x00000006ca880000)
 Metaspace       used 57563K, capacity 58717K, committed 59008K, reserved 1101824K
  class space    used 7122K, capacity 7454K, committed 7552K, reserved 1048576K
}
Event: 6.895 GC heap before
{Heap before GC invocations=10 (full 3):
 PSYoungGen      total 187392K, used 27133K [0x000000076be00000, 0x000000077a680000, 0x00000007c0000000)
  eden space 160256K, 0% used [0x000000076be00000,0x000000076be00000,0x0000000775a80000)
  from space 27136K, 99% used [0x0000000777180000,0x0000000778bff488,0x0000000778c00000)
  to   space 22528K, 0% used [0x0000000779080000,0x0000000779080000,0x000000077a680000)
 ParOldGen       total 113152K, used 39383K [0x00000006c3a00000, 0x00000006ca880000, 0x000000076be00000)
  object space 113152K, 34% used [0x00000006c3a00000,0x00000006c6075f78,0x00000006ca880000)
 Metaspace       used 57563K, capacity 58717K, committed 59008K, reserved 1101824K
  class space    used 7122K, capacity 7454K, committed 7552K, reserved 1048576K
Event: 7.044 GC heap after
Heap after GC invocations=10 (full 3):
 PSYoungGen      total 187392K, used 0K [0x000000076be00000, 0x000000077a680000, 0x00000007c0000000)
  eden space 160256K, 0% used [0x000000076be00000,0x000000076be00000,0x0000000775a80000)
  from space 27136K, 0% used [0x0000000777180000,0x0000000777180000,0x0000000778c00000)
  to   space 22528K, 0% used [0x0000000779080000,0x0000000779080000,0x000000077a680000)
 ParOldGen       total 113152K, used 52939K [0x00000006c3a00000, 0x00000006ca880000, 0x000000076be00000)
  object space 113152K, 46% used [0x00000006c3a00000,0x00000006c6db2fe8,0x00000006ca880000)
 Metaspace       used 57563K, capacity 58717K, committed 59008K, reserved 1101824K
  class space    used 7122K, capacity 7454K, committed 7552K, reserved 1048576K
}

