# JRE version: Java(TM) SE Runtime Environment (8.0_202-b08) (build 1.8.0_202-b08)
# Java VM: Java HotSpot(TM) 64-Bit Server VM (25.202-b08 mixed mode windows-amd64 compressed oops)
Heap:
 PSYoungGen      total 139776K, used 96121K [0x000000076be00000, 0x0000000775f80000, 0x00000007c0000000)
  eden space 114176K, 63% used [0x000000076be00000,0x00000007704eee18,0x0000000772d80000)
  from space 25600K, 91% used [0x0000000772d80000,0x000000077446f880,0x0000000774680000)
  to   space 21504K, 0% used [0x0000000774a80000,0x0000000774a80000,0x0000000775f80000)
 ParOldGen       total 226304K, used 46750K [0x00000006c3a00000, 0x00000006d1700000, 0x000000076be00000)
  object space 226304K, 20% used [0x00000006c3a00000,0x00000006c67a7870,0x00000006d1700000)
 Metaspace       used 85495K, capacity 87115K, committed 87680K, reserved 1126400K
  class space    used 9926K, capacity 10333K, committed 10368K, reserved 1048576K
GC Heap History (10 events):
Event: 7.681 GC heap before
{Heap before GC invocations=10 (full 2):
 PSYoungGen      total 103936K, used 103004K [0x000000076be00000, 0x0000000774980000, 0x00000007c0000000)
  eden space 87552K, 100% used [0x000000076be00000,0x0000000771380000,0x0000000771380000)
  from space 16384K, 94% used [0x0000000771380000,0x0000000772297298,0x0000000772380000)
  to   space 17920K, 0% used [0x0000000773800000,0x0000000773800000,0x0000000774980000)
 ParOldGen       total 226304K, used 28076K [0x00000006c3a00000, 0x00000006d1700000, 0x000000076be00000)
  object space 226304K, 12% used [0x00000006c3a00000,0x00000006c556b288,0x00000006d1700000)
 Metaspace       used 52521K, capacity 53621K, committed 54016K, reserved 1095680K
  class space    used 6601K, capacity 6890K, committed 6912K, reserved 1048576K
Event: 7.697 GC heap after
Heap after GC invocations=10 (full 2):
 PSYoungGen      total 119808K, used 17915K [0x000000076be00000, 0x0000000775580000, 0x00000007c0000000)
  eden space 101888K, 0% used [0x000000076be00000,0x000000076be00000,0x0000000772180000)
  from space 17920K, 99% used [0x0000000773800000,0x000000077497ede8,0x0000000774980000)
  to   space 23040K, 0% used [0x0000000772180000,0x0000000772180000,0x0000000773800000)
 ParOldGen       total 226304K, used 35020K [0x00000006c3a00000, 0x00000006d1700000, 0x000000076be00000)
  object space 226304K, 15% used [0x00000006c3a00000,0x00000006c5c33368,0x00000006d1700000)
 Metaspace       used 52521K, capacity 53621K, committed 54016K, reserved 1095680K
  class space    used 6601K, capacity 6890K, committed 6912K, reserved 1048576K
}
Event: 8.568 GC heap before
{Heap before GC invocations=11 (full 2):
 PSYoungGen      total 119808K, used 101248K [0x000000076be00000, 0x0000000775580000, 0x00000007c0000000)
  eden space 101888K, 81% used [0x000000076be00000,0x0000000770f61428,0x0000000772180000)
  from space 17920K, 99% used [0x0000000773800000,0x000000077497ede8,0x0000000774980000)
  to   space 23040K, 0% used [0x0000000772180000,0x0000000772180000,0x0000000773800000)
 ParOldGen       total 226304K, used 35020K [0x00000006c3a00000, 0x00000006d1700000, 0x000000076be00000)
  object space 226304K, 15% used [0x00000006c3a00000,0x00000006c5c33368,0x00000006d1700000)
 Metaspace       used 57511K, capacity 58681K, committed 59028K, reserved 1101824K
  class space    used 7116K, capacity 7420K, committed 7424K, reserved 1048576K
Event: 8.582 GC heap after
Heap after GC invocations=11 (full 2):
 PSYoungGen      total 124928K, used 23029K [0x000000076be00000, 0x0000000776480000, 0x00000007c0000000)
  eden space 101888K, 0% used [0x000000076be00000,0x000000076be00000,0x0000000772180000)
  from space 23040K, 99% used [0x0000000772180000,0x00000007737fd4e8,0x0000000773800000)
  to   space 26624K, 0% used [0x0000000774a80000,0x0000000774a80000,0x0000000776480000)
 ParOldGen       total 226304K, used 36778K [0x00000006c3a00000, 0x00000006d1700000, 0x000000076be00000)
  object space 226304K, 16% used [0x00000006c3a00000,0x00000006c5deab00,0x00000006d1700000)
 Metaspace       used 57511K, capacity 58681K, committed 59028K, reserved 1101824K
  class space    used 7116K, capacity 7420K, committed 7424K, reserved 1048576K
}
Event: 8.582 GC heap before
{Heap before GC invocations=12 (full 3):
 PSYoungGen      total 124928K, used 23029K [0x000000076be00000, 0x0000000776480000, 0x00000007c0000000)
  eden space 101888K, 0% used [0x000000076be00000,0x000000076be00000,0x0000000772180000)
  from space 23040K, 99% used [0x0000000772180000,0x00000007737fd4e8,0x0000000773800000)
  to   space 26624K, 0% used [0x0000000774a80000,0x0000000774a80000,0x0000000776480000)
 ParOldGen       total 226304K, used 36778K [0x00000006c3a00000, 0x00000006d1700000, 0x000000076be00000)
  object space 226304K, 16% used [0x00000006c3a00000,0x00000006c5deab00,0x00000006d1700000)
 Metaspace       used 57511K, capacity 58681K, committed 59028K, reserved 1101824K
  class space    used 7116K, capacity 7420K, committed 7424K, reserved 1048576K
Event: 8.746 GC heap after
Heap after GC invocations=12 (full 3):
 PSYoungGen      total 124928K, used 0K [0x000000076be00000, 0x0000000776480000, 0x00000007c0000000)
  eden space 101888K, 0% used [0x000000076be00000,0x000000076be00000,0x0000000772180000)
  from space 23040K, 0% used [0x0000000772180000,0x0000000772180000,0x0000000773800000)
  to   space 26624K, 0% used [0x0000000774a80000,0x0000000774a80000,0x0000000776480000)
 ParOldGen       total 226304K, used 46734K [0x00000006c3a00000, 0x00000006d1700000, 0x000000076be00000)
  object space 226304K, 20% used [0x00000006c3a00000,0x00000006c67a3870,0x00000006d1700000)
 Metaspace       used 57511K, capacity 58681K, committed 59028K, reserved 1101824K
  class space    used 7116K, capacity 7420K, committed 7424K, reserved 1048576K
}
Event: 10.690 GC heap before
{Heap before GC invocations=13 (full 3):
 PSYoungGen      total 124928K, used 101888K [0x000000076be00000, 0x0000000776480000, 0x00000007c0000000)
  eden space 101888K, 100% used [0x000000076be00000,0x0000000772180000,0x0000000772180000)
  from space 23040K, 0% used [0x0000000772180000,0x0000000772180000,0x0000000773800000)
  to   space 26624K, 0% used [0x0000000774a80000,0x0000000774a80000,0x0000000776480000)
 ParOldGen       total 226304K, used 46734K [0x00000006c3a00000, 0x00000006d1700000, 0x000000076be00000)
  object space 226304K, 20% used [0x00000006c3a00000,0x00000006c67a3870,0x00000006d1700000)
 Metaspace       used 65663K, capacity 67127K, committed 67584K, reserved 1107968K
  class space    used 7993K, capacity 8357K, committed 8448K, reserved 1048576K
Event: 10.702 GC heap after
Heap after GC invocations=13 (full 3):
 PSYoungGen      total 135680K, used 14898K [0x000000076be00000, 0x0000000775f80000, 0x00000007c0000000)
  eden space 114176K, 0% used [0x000000076be00000,0x000000076be00000,0x0000000772d80000)
  from space 21504K, 69% used [0x0000000774a80000,0x000000077590ca70,0x0000000775f80000)
  to   space 25600K, 0% used [0x0000000772d80000,0x0000000772d80000,0x0000000774680000)
 ParOldGen       total 226304K, used 46742K [0x00000006c3a00000, 0x00000006d1700000, 0x000000076be00000)
  object space 226304K, 20% used [0x00000006c3a00000,0x00000006c67a5870,0x00000006d1700000)
 Metaspace       used 65663K, capacity 67127K, committed 67584K, reserved 1107968K
  class space    used 7993K, capacity 8357K, committed 8448K, reserved 1048576K
}
Event: 12.809 GC heap before
{Heap before GC invocations=14 (full 3):
 PSYoungGen      total 135680K, used 129074K [0x000000076be00000, 0x0000000775f80000, 0x00000007c0000000)
  eden space 114176K, 100% used [0x000000076be00000,0x0000000772d80000,0x0000000772d80000)
  from space 21504K, 69% used [0x0000000774a80000,0x000000077590ca70,0x0000000775f80000)
  to   space 25600K, 0% used [0x0000000772d80000,0x0000000772d80000,0x0000000774680000)
 ParOldGen       total 226304K, used 46742K [0x00000006c3a00000, 0x00000006d1700000, 0x000000076be00000)
  object space 226304K, 20% used [0x00000006c3a00000,0x00000006c67a5870,0x00000006d1700000)
 Metaspace       used 77264K, capacity 78901K, committed 79232K, reserved 1118208K
  class space    used 9113K, capacity 9520K, committed 9600K, reserved 1048576K
Event: 12.820 GC heap after
Heap after GC invocations=14 (full 3):
 PSYoungGen      total 139776K, used 23486K [0x000000076be00000, 0x0000000775f80000, 0x00000007c0000000)
  eden space 114176K, 0% used [0x000000076be00000,0x000000076be00000,0x0000000772d80000)
  from space 25600K, 91% used [0x0000000772d80000,0x000000077446f880,0x0000000774680000)
  to   space 21504K, 0% used [0x0000000774a80000,0x0000000774a80000,0x0000000775f80000)
 ParOldGen       total 226304K, used 46750K [0x00000006c3a00000, 0x00000006d1700000, 0x000000076be00000)
  object space 226304K, 20% used [0x00000006c3a00000,0x00000006c67a7870,0x00000006d1700000)
 Metaspace       used 77264K, capacity 78901K, committed 79232K, reserved 1118208K
  class space    used 9113K, capacity 9520K, committed 9600K, reserved 1048576K
}

